[23:36:40] [ServerMain/INFO]: [bootstrap] Running Java 21 (OpenJDK 64-Bit Server VM 21.0.9+10-Ubuntu-124.04; Ubuntu null) on Linux 6.8.0-1030-azure (amd64)
[23:36:40] [ServerMain/INFO]: [bootstrap] Loading Paper 1.21.8-6-main@782ce95 (2025-07-18T20:26:58Z) for Minecraft 1.21.8
[23:36:40] [ServerMain/INFO]: [PluginInitializerManager] Initializing plugins...
[23:36:41] [ServerMain/INFO]: [PluginInitializerManager] Initialized 0 plugins
[23:36:41] [Paper Plugin Remapper Thread - 1/INFO]: [ReobfServer] Remapping server...
[23:36:48] [ServerMain/INFO]: Environment: Environment[sessionHost=https://sessionserver.mojang.com, servicesHost=https://api.minecraftservices.com, name=PROD]
[23:36:48] [ServerMain/INFO]: Found new data pack file/bukkit, loading it automatically
[23:36:48] [ServerMain/INFO]: Found new data pack paper, loading it automatically
[23:36:49] [Paper Plugin Remapper Thread - 1/INFO]: [ReobfServer] Done remapping server in 8181ms.
[23:36:49] [ServerMain/INFO]: No existing world data, creating new world
[23:36:50] [ServerMain/INFO]: Loaded 1407 recipes
[23:36:50] [ServerMain/INFO]: Loaded 1520 advancements
[23:36:50] [ServerMain/INFO]: [ca.spottedleaf.dataconverter.minecraft.datatypes.MCTypeRegistry] Initialising converters for DataConverter...
[23:36:51] [ServerMain/INFO]: [ca.spottedleaf.dataconverter.minecraft.datatypes.MCTypeRegistry] Finished initialising converters for DataConverter in 525.1ms
[23:36:51] [Server thread/INFO]: Starting minecraft server version 1.21.8
[23:36:51] [Server thread/INFO]: Loading properties
[23:36:51] [Server thread/INFO]: This server is running Paper version 1.21.8-6-main@782ce95 (2025-07-18T20:26:58Z) (Implementing API version 1.21.8-R0.1-SNAPSHOT)
[23:36:51] [Server thread/INFO]: [spark] This server bundles the spark profiler. For more information please visit https://docs.papermc.io/paper/profiling
[23:36:51] [Server thread/INFO]: Server Ping Player Sample Count: 12
[23:36:51] [Server thread/INFO]: Using 4 threads for Netty based IO
[23:36:52] [Server thread/INFO]: [MoonriseCommon] Paper is using 1 worker threads, 1 I/O threads
[23:36:52] [Server thread/INFO]: [ChunkTaskScheduler] Chunk system is using population gen parallelism: true
[23:36:52] [Server thread/INFO]: Default game type: SURVIVAL
[23:36:52] [Server thread/INFO]: Generating keypair
[23:36:52] [Server thread/INFO]: Starting Minecraft server on *:25565
[23:36:52] [Server thread/INFO]: Using epoll channel type
[23:36:52] [Server thread/INFO]: Paper: Using libdeflate (Linux x86_64) compression from Velocity.
[23:36:52] [Server thread/INFO]: Paper: Using OpenSSL 3.x.x (Linux x86_64) cipher from Velocity.
[23:36:52] [Server thread/WARN]: **** SERVER IS RUNNING IN OFFLINE/INSECURE MODE!
[23:36:52] [Server thread/WARN]: The server will make no attempt to authenticate usernames. Beware.
[23:36:52] [Server thread/WARN]: While this makes the game possible to play without internet access, it also opens up the ability for hackers to connect with any username they choose.
[23:36:52] [Server thread/WARN]: To change this, set "online-mode" to "true" in the server.properties file.
[23:36:52] [Server thread/INFO]: Preparing level "world"
[23:37:02] [Server thread/INFO]: Preparing start region for dimension minecraft:overworld
[23:37:02] [Server thread/INFO]: Preparing spawn area: 0%
[23:37:02] [Server thread/INFO]: Preparing spawn area: 2%
[23:37:03] [Server thread/INFO]: Preparing spawn area: 2%
[23:37:03] [Server thread/INFO]: Preparing spawn area: 2%
[23:37:04] [Server thread/INFO]: Preparing spawn area: 16%
[23:37:04] [Server thread/INFO]: Preparing spawn area: 18%
[23:37:05] [Server thread/INFO]: Preparing spawn area: 18%
[23:37:05] [Server thread/INFO]: Preparing spawn area: 34%
[23:37:06] [Server thread/INFO]: Preparing spawn area: 53%
[23:37:06] [Server thread/INFO]: Preparing spawn area: 53%
[23:37:07] [Server thread/INFO]: Preparing spawn area: 53%
[23:37:07] [Server thread/INFO]: Time elapsed: 5344 ms
[23:37:07] [Server thread/INFO]: Preparing start region for dimension minecraft:the_nether
[23:37:07] [Server thread/INFO]: Preparing spawn area: 2%
[23:37:08] [Server thread/INFO]: Preparing spawn area: 18%
[23:37:08] [Server thread/INFO]: Preparing spawn area: 51%
[23:37:09] [Server thread/INFO]: Time elapsed: 1342 ms
[23:37:09] [Server thread/INFO]: Preparing start region for dimension minecraft:the_end
[23:37:09] [Server thread/INFO]: Preparing spawn area: 2%
[23:37:09] [Server thread/INFO]: Preparing spawn area: 18%
[23:37:09] [Server thread/INFO]: Time elapsed: 665 ms
[23:37:09] [Server thread/INFO]: [spark] Starting background profiler...
[23:37:10] [Server thread/INFO]: Done preparing level "world" (17.413s)
[23:37:10] [Server thread/INFO]: Running delayed init tasks
[23:37:10] [Server thread/INFO]: Done (30.398s)! For help, type "help"
[23:37:10] [Server thread/INFO]: *************************************************************************************
[23:37:10] [Server thread/INFO]: This is the first time you're starting this server.
[23:37:10] [Server thread/INFO]: It's recommended you read our 'Getting Started' documentation for guidance.
[23:37:10] [Server thread/INFO]: View this and more helpful information here: https://docs.papermc.io/paper/next-steps
[23:37:10] [Server thread/INFO]: *************************************************************************************
[23:37:10] [Server thread/INFO]: Unknown or incomplete command, see below for error
home/codespace/.python/current/bin/python /workspaces/yyyyyyyyyy/msx.py<--[HERE]
[23:38:33] [User Authenticator #0/INFO]: UUID of player juancitopy is 02ba77f5-ff24-3964-be86-fbb1994ea2c2
[23:38:35] [Server thread/INFO]: juancitopy joined the game
[23:38:35] [Server thread/INFO]: juancitopy[/127.128.110.199:43347] logged in with entity id 22 at ([world]12.5, 89.0, -24.5)
[23:38:52] [Server thread/INFO]: Made juancito a server operator
[23:40:08] [Server thread/INFO]: Made juancitopy a server operator
[23:40:14] [Server thread/INFO]: [juancitopy: Set own game mode to Creative Mode]
[23:40:24] [Server thread/INFO]: [juancitopy: Set own game mode to Spectator Mode]
[23:40:44] [User Authenticator #1/INFO]: UUID of player Neuvilletttee is 0fab9313-3d6c-3838-a4c6-d1b5bfa35f6f
[23:40:45] [Server thread/INFO]: Neuvilletttee joined the game
[23:40:45] [Server thread/INFO]: Neuvilletttee[/127.115.159.133:52499] logged in with entity id 1019 at ([world]25.5, 64.0, -32.5)
[23:40:54] [Server thread/INFO]: [juancitopy: Set own game mode to Creative Mode]
[23:41:00] [Server thread/INFO]: juancitopy issued server command: /tp Neuvilletttee
[23:41:00] [Server thread/INFO]: [juancitopy: Teleported juancitopy to Neuvilletttee]
[23:41:02] [Server thread/INFO]: [juancitopy: Set own game mode to Survival Mode]
[23:43:33] [Server thread/INFO]: juancitopy has made the advancement [Stone Age]
[23:44:34] [Server thread/INFO]: juancitopy has made the advancement [Getting an Upgrade]
[23:45:48] [Server thread/INFO]: Neuvilletttee lost connection: Disconnected
[23:45:48] [Server thread/INFO]: Neuvilletttee left the game
